<component name="ArtifactManager">
  <artifact type="exploded-war" name="junitcash:Web exploded">
    <output-path>$PROJECT_DIR$/out/artifacts/junitcash_Web_exploded</output-path>
    <root id="root">
      <element id="javaee-facet-resources" facet="junitcash/web/Web" />
      <element id="directory" name="WEB-INF">
        <element id="directory" name="classes">
          <element id="module-output" name="junitcash" />
        </element>
        <element id="directory" name="lib">
          <element id="dir-copy" path="$PROJECT_DIR$/lib/runtime" />
          <element id="dir-copy" path="$PROJECT_DIR$/lib/provided" />
        </element>
      </element>
    </root>
  </artifact>
</component>